app/build/intermediates/manifest_merge_blame_file/debug/manifest-merger-blame-debug-report.txt
1<?xml version="1.0" encoding="utf-8"?>
2<manifest xmlns:android="http://schemas.android.com/apk/res/android"
3    package="com.nnsu.mobileweek"
4    android:versionCode="1"
5    android:versionName="1.0" >
6
7    <uses-sdk android:minSdkVersion="14" />
7-->src\main\AndroidManifest.xml
8
9    <uses-permission android:name="android.permission.CALL_PHONE" />
9-->src\main\AndroidManifest.xml:16:2-66
9-->src\main\AndroidManifest.xml:16:19-63
10
11    <application
11-->src\main\AndroidManifest.xml:6:2-15:16
12        android:debuggable="true"
12-->src\main\AndroidManifest.xml:8:3-28
13        android:label="@string/app_name" >
13-->src\main\AndroidManifest.xml:7:3-35
14        <activity
14-->src\main\AndroidManifest.xml:9:3-14:14
15            android:name="com.nnsu.mobileweek.SimpleCallerActivity"
15-->src\main\AndroidManifest.xml:9:13-49
16            android:label="@string/app_name" >
16-->src\main\AndroidManifest.xml:9:50-82
17            <intent-filter>
17-->src\main\AndroidManifest.xml:10:4-13:20
18                <action android:name="android.intent.action.MAIN" />
18-->src\main\AndroidManifest.xml:11:5-57
18-->src\main\AndroidManifest.xml:11:13-54
19
20                <category android:name="android.intent.category.LAUNCHER" />
20-->src\main\AndroidManifest.xml:12:5-65
20-->src\main\AndroidManifest.xml:12:15-62
21            </intent-filter>
22        </activity>
23    </application>
24
25</manifest>